<?xml version="1.0" encoding="UTF-8"?>
<testng-results ignored="0" total="1" passed="1" failed="0" skipped="0">
  <reporter-output>
  </reporter-output>
  <suite started-at="2026-06-27T16:12:33 IST" name="Default suite" finished-at="2026-06-27T16:12:36 IST" duration-ms="3013">
    <groups>
    </groups>
    <test started-at="2026-06-27T16:12:33 IST" name="Default test" finished-at="2026-06-27T16:12:36 IST" duration-ms="3013">
      <class name="testss.InvalidUserTest">
        <test-method is-config="true" signature="init()[pri:0, instance:testss.InvalidUserTest@35e2d654]" started-at="2026-06-27T16:12:33 IST" name="init" finished-at="2026-06-27T16:12:34 IST" duration-ms="577" status="PASS">
          <reporter-output>
          </reporter-output>
        </test-method> <!-- init -->
        <test-method signature="verifyInvalidUser()[pri:0, instance:testss.InvalidUserTest@35e2d654]" started-at="2026-06-27T16:12:34 IST" name="verifyInvalidUser" finished-at="2026-06-27T16:12:36 IST" duration-ms="2353" status="PASS">
          <reporter-output>
          </reporter-output>
        </test-method> <!-- verifyInvalidUser -->
      </class> <!-- testss.InvalidUserTest -->
    </test> <!-- Default test -->
  </suite> <!-- Default suite -->
</testng-results>
