<?xml version="1.0" encoding="UTF-8"?>
<!-- Generated by org.testng.reporters.JUnitReportReporter -->
<testsuite hostname="DESKTOP-QIM6HQC" failures="0" tests="3" name="runner.Testrunner" time="117.246" errors="0" timestamp="2026-06-26T23:32:55 IST" skipped="0">
  <testcase classname="runner.Testrunner" name="runScenario" time="32.672"/>
  <testcase classname="runner.Testrunner" name="runScenario" time="28.051"/>
  <testcase classname="runner.Testrunner" name="runScenario" time="56.523"/>
</testsuite> <!-- runner.Testrunner -->
